0 verbose cli C:\Program Files\nodejs\node.exe C:\Users\bdani\AppData\Roaming\npm\node_modules\npm\bin\npm-cli.js
1 info using npm@10.2.3
2 info using node@v18.18.0
3 timing npm:load:whichnode Completed in 3ms
4 timing config:load:defaults Completed in 3ms
5 timing config:load:file:C:\Users\bdani\AppData\Roaming\npm\node_modules\npm\npmrc Completed in 4ms
6 timing config:load:builtin Completed in 5ms
7 timing config:load:cli Completed in 2ms
8 timing config:load:env Completed in 1ms
9 timing config:load:file:C:\Users\bdani\Downloads\QR-Code main\QR-Code main\.npmrc Completed in 1ms
10 timing config:load:project Completed in 4ms
11 timing config:load:file:C:\Users\bdani\.npmrc Completed in 0ms
12 timing config:load:user Completed in 0ms
13 timing config:load:file:C:\Users\bdani\AppData\Roaming\npm\etc\npmrc Completed in 2ms
14 timing config:load:global Completed in 3ms
15 timing config:load:setEnvs Completed in 1ms
16 timing config:load Completed in 19ms
17 timing npm:load:configload Completed in 19ms
18 timing config:load:flatten Completed in 3ms
19 timing npm:load:mkdirpcache Completed in 0ms
20 timing npm:load:mkdirplogs Completed in 1ms
21 verbose title npm install envairoment.txt
22 verbose argv "install" "envairoment.txt"
23 timing npm:load:setTitle Completed in 1ms
24 timing npm:load:display Completed in 1ms
25 verbose logfile logs-max:10 dir:C:\Users\bdani\Downloads\QR-Code main\QR-Code main\UsersbdaniAppDataLocalnpm-cache\_logs\2023-11-29T13_40_00_474Z-
26 verbose logfile C:\Users\bdani\Downloads\QR-Code main\QR-Code main\UsersbdaniAppDataLocalnpm-cache\_logs\2023-11-29T13_40_00_474Z-debug-0.log
27 timing npm:load:logFile Completed in 11ms
28 timing npm:load:timers Completed in 0ms
29 timing npm:load:configScope Completed in 0ms
30 timing npm:load Completed in 71ms
31 timing config:load:flatten Completed in 1ms
32 timing arborist:ctor Completed in 1ms
33 silly logfile done cleaning log files
34 timing arborist:ctor Completed in 0ms
35 timing idealTree:init Completed in 10ms
36 timing idealTree:userRequests Completed in 2ms
37 silly idealTree buildDeps
38 silly fetch manifest envairoment.txt@*
39 http fetch GET 200 https://registry.npmjs.org/npm 529ms (cache miss)
40 http fetch GET 404 https://registry.npmjs.org/envairoment.txt 1150ms (cache skip)
41 http fetch GET 404 https://registry.npmjs.org/envairoment.txt 817ms (cache skip)
42 silly placeDep ROOT envairoment.txt@ OK for:  want: *
43 timing idealTree:#root Completed in 1972ms
44 timing idealTree:node_modules/envairoment.txt Completed in 0ms
45 timing idealTree:buildDeps Completed in 1973ms
46 timing idealTree:fixDepFlags Completed in 0ms
47 timing idealTree Completed in 1987ms
48 timing command:install Completed in 2062ms
49 notice
49 notice New [32mpatch[39m version of npm available! [31m10.2.3[39m -> [32m10.2.4[39m
49 notice Changelog: [36mhttps://github.com/npm/cli/releases/tag/v10.2.4[39m
49 notice Run [32mnpm install -g npm@10.2.4[39m to update!
49 notice
50 verbose stack HttpErrorGeneral: 404 Not Found - GET https://registry.npmjs.org/envairoment.txt - Not found
50 verbose stack     at C:\Users\bdani\AppData\Roaming\npm\node_modules\npm\node_modules\npm-registry-fetch\lib\check-response.js:95:15
50 verbose stack     at process.processTicksAndRejections (node:internal/process/task_queues:95:5)
50 verbose stack     at async RegistryFetcher.packument (C:\Users\bdani\AppData\Roaming\npm\node_modules\npm\node_modules\pacote\lib\registry.js:87:19)
50 verbose stack     at async RegistryFetcher.manifest (C:\Users\bdani\AppData\Roaming\npm\node_modules\npm\node_modules\pacote\lib\registry.js:118:23)
50 verbose stack     at async #nodeFromEdge (C:\Users\bdani\AppData\Roaming\npm\node_modules\npm\node_modules\@npmcli\arborist\lib\arborist\build-ideal-tree.js:1049:19)
50 verbose stack     at async #buildDepStep (C:\Users\bdani\AppData\Roaming\npm\node_modules\npm\node_modules\@npmcli\arborist\lib\arborist\build-ideal-tree.js:917:11)
50 verbose stack     at async Arborist.buildIdealTree (C:\Users\bdani\AppData\Roaming\npm\node_modules\npm\node_modules\@npmcli\arborist\lib\arborist\build-ideal-tree.js:196:7)
50 verbose stack     at async Promise.all (index 1)
50 verbose stack     at async Arborist.reify (C:\Users\bdani\AppData\Roaming\npm\node_modules\npm\node_modules\@npmcli\arborist\lib\arborist\reify.js:159:5)
50 verbose stack     at async Install.exec (C:\Users\bdani\AppData\Roaming\npm\node_modules\npm\lib\commands\install.js:152:5)
51 verbose statusCode 404
52 verbose pkgid envairoment.txt@*
53 verbose cwd C:\Users\bdani\Downloads\QR-Code main\QR-Code main
54 verbose Windows_NT 10.0.19045
55 verbose node v18.18.0
56 verbose npm  v10.2.3
57 error code E404
58 error 404 Not Found - GET https://registry.npmjs.org/envairoment.txt - Not found
59 error 404
60 error 404  'envairoment.txt@*' is not in this registry.
61 error 404
61 error 404 Note that you can also install from a
62 error 404 tarball, folder, http url, or git url.
63 verbose exit 1
64 timing npm Completed in 2693ms
65 verbose unfinished npm timer reify 1701265201097
66 verbose unfinished npm timer reify:loadTrees 1701265201166
67 verbose code 1
68 error A complete log of this run can be found in: C:\Users\bdani\Downloads\QR-Code main\QR-Code main\UsersbdaniAppDataLocalnpm-cache\_logs\2023-11-29T13_40_00_474Z-debug-0.log
